{"C:/Users/kiano/graverate/src/firebase/auth.js": {"path":"C:/Users/kiano/graverate/src/firebase/auth.js","statementMap":{"0":{"start":{"line":13,"column":23},"end":{"line":13,"column":null}},"1":{"start":{"line":16,"column":25},"end":{"line":20,"column":null}},"2":{"start":{"line":22,"column":15},"end":{"line":22,"column":null}},"3":{"start":{"line":24,"column":2},"end":{"line":35,"column":null}},"4":{"start":{"line":37,"column":2},"end":{"line":37,"column":null}},"5":{"start":{"line":41,"column":25},"end":{"line":45,"column":null}},"6":{"start":{"line":47,"column":2},"end":{"line":47,"column":null}},"7":{"start":{"line":51,"column":17},"end":{"line":51,"column":null}},"8":{"start":{"line":53,"column":15},"end":{"line":53,"column":null}},"9":{"start":{"line":55,"column":18},"end":{"line":55,"column":null}},"10":{"start":{"line":56,"column":19},"end":{"line":56,"column":null}},"11":{"start":{"line":58,"column":2},"end":{"line":71,"column":null}},"12":{"start":{"line":59,"column":4},"end":{"line":70,"column":null}},"13":{"start":{"line":73,"column":2},"end":{"line":73,"column":null}},"14":{"start":{"line":77,"column":2},"end":{"line":77,"column":null}}},"fnMap":{"0":{"name":"registerUser","decl":{"start":{"line":15,"column":22},"end":{"line":15,"column":35}},"loc":{"start":{"line":15,"column":62},"end":{"line":38,"column":null}}},"1":{"name":"loginUser","decl":{"start":{"line":40,"column":22},"end":{"line":40,"column":32}},"loc":{"start":{"line":40,"column":49},"end":{"line":48,"column":null}}},"2":{"name":"loginWithGoogle","decl":{"start":{"line":50,"column":22},"end":{"line":50,"column":40}},"loc":{"start":{"line":50,"column":40},"end":{"line":74,"column":null}}},"3":{"name":"logoutUser","decl":{"start":{"line":76,"column":22},"end":{"line":76,"column":35}},"loc":{"start":{"line":76,"column":35},"end":{"line":78,"column":null}}}},"branchMap":{"0":{"loc":{"start":{"line":58,"column":2},"end":{"line":71,"column":null}},"type":"if","locations":[{"start":{"line":58,"column":2},"end":{"line":71,"column":null}}]}},"s":{"0":127,"1":2,"2":0,"3":0,"4":0,"5":46,"6":44,"7":0,"8":0,"9":0,"10":0,"11":0,"12":0,"13":0,"14":4},"f":{"0":2,"1":46,"2":0,"3":4},"b":{"0":[0]}}
,"C:/Users/kiano/graverate/src/firebase/config.js": {"path":"C:/Users/kiano/graverate/src/firebase/config.js","statementMap":{"0":{"start":{"line":6,"column":23},"end":{"line":14,"column":null}},"1":{"start":{"line":16,"column":12},"end":{"line":16,"column":null}},"2":{"start":{"line":18,"column":18},"end":{"line":18,"column":null}},"3":{"start":{"line":19,"column":20},"end":{"line":19,"column":null}},"4":{"start":{"line":20,"column":23},"end":{"line":20,"column":null}}},"fnMap":{},"branchMap":{},"s":{"0":127,"1":127,"2":127,"3":127,"4":127},"f":{},"b":{}}
,"C:/Users/kiano/graverate/src/firebase/friends/friends.api.js": {"path":"C:/Users/kiano/graverate/src/firebase/friends/friends.api.js","statementMap":{"0":{"start":{"line":18,"column":2},"end":{"line":23,"column":null}},"1":{"start":{"line":28,"column":15},"end":{"line":34,"column":null}},"2":{"start":{"line":35,"column":2},"end":{"line":35,"column":null}},"3":{"start":{"line":35,"column":31},"end":{"line":35,"column":57}},"4":{"start":{"line":40,"column":15},"end":{"line":46,"column":null}},"5":{"start":{"line":47,"column":2},"end":{"line":47,"column":null}},"6":{"start":{"line":47,"column":31},"end":{"line":47,"column":57}},"7":{"start":{"line":52,"column":2},"end":{"line":52,"column":null}},"8":{"start":{"line":53,"column":2},"end":{"line":53,"column":null}},"9":{"start":{"line":54,"column":2},"end":{"line":54,"column":null}},"10":{"start":{"line":59,"column":2},"end":{"line":59,"column":null}},"11":{"start":{"line":64,"column":2},"end":{"line":64,"column":null}},"12":{"start":{"line":65,"column":2},"end":{"line":65,"column":null}},"13":{"start":{"line":70,"column":2},"end":{"line":72,"column":null}},"14":{"start":{"line":74,"column":2},"end":{"line":74,"column":null}},"15":{"start":{"line":75,"column":2},"end":{"line":75,"column":null}},"16":{"start":{"line":80,"column":2},"end":{"line":82,"column":null}}},"fnMap":{"0":{"name":"sendFriendRequestDoc","decl":{"start":{"line":17,"column":22},"end":{"line":17,"column":43}},"loc":{"start":{"line":17,"column":59},"end":{"line":24,"column":null}}},"1":{"name":"getIncomingRequestDocs","decl":{"start":{"line":27,"column":22},"end":{"line":27,"column":45}},"loc":{"start":{"line":27,"column":50},"end":{"line":36,"column":null}}},"2":{"name":"(anonymous_2)","decl":{"start":{"line":35,"column":19},"end":{"line":35,"column":24}},"loc":{"start":{"line":35,"column":31},"end":{"line":35,"column":57}}},"3":{"name":"getOutgoingRequestDocs","decl":{"start":{"line":39,"column":22},"end":{"line":39,"column":45}},"loc":{"start":{"line":39,"column":50},"end":{"line":48,"column":null}}},"4":{"name":"(anonymous_4)","decl":{"start":{"line":47,"column":19},"end":{"line":47,"column":24}},"loc":{"start":{"line":47,"column":31},"end":{"line":47,"column":57}}},"5":{"name":"acceptRequestDoc","decl":{"start":{"line":51,"column":22},"end":{"line":51,"column":39}},"loc":{"start":{"line":51,"column":66},"end":{"line":55,"column":null}}},"6":{"name":"deleteRequestDoc","decl":{"start":{"line":58,"column":22},"end":{"line":58,"column":39}},"loc":{"start":{"line":58,"column":50},"end":{"line":60,"column":null}}},"7":{"name":"removeFriendDoc","decl":{"start":{"line":63,"column":22},"end":{"line":63,"column":38}},"loc":{"start":{"line":63,"column":54},"end":{"line":66,"column":null}}},"8":{"name":"blockUserDoc","decl":{"start":{"line":69,"column":22},"end":{"line":69,"column":35}},"loc":{"start":{"line":69,"column":51},"end":{"line":76,"column":null}}},"9":{"name":"unblockUserDoc","decl":{"start":{"line":79,"column":22},"end":{"line":79,"column":37}},"loc":{"start":{"line":79,"column":53},"end":{"line":83,"column":null}}}},"branchMap":{},"s":{"0":0,"1":0,"2":0,"3":0,"4":0,"5":0,"6":0,"7":0,"8":0,"9":0,"10":0,"11":0,"12":0,"13":0,"14":0,"15":0,"16":0},"f":{"0":0,"1":0,"2":0,"3":0,"4":0,"5":0,"6":0,"7":0,"8":0,"9":0},"b":{}}
,"C:/Users/kiano/graverate/src/firebase/friends/friends.service.js": {"path":"C:/Users/kiano/graverate/src/firebase/friends/friends.service.js","statementMap":{"0":{"start":{"line":14,"column":2},"end":{"line":14,"column":null}},"1":{"start":{"line":15,"column":2},"end":{"line":15,"column":null}},"2":{"start":{"line":19,"column":2},"end":{"line":19,"column":null}},"3":{"start":{"line":23,"column":2},"end":{"line":23,"column":null}},"4":{"start":{"line":27,"column":2},"end":{"line":27,"column":null}},"5":{"start":{"line":28,"column":2},"end":{"line":28,"column":null}},"6":{"start":{"line":32,"column":2},"end":{"line":32,"column":null}},"7":{"start":{"line":36,"column":2},"end":{"line":36,"column":null}},"8":{"start":{"line":40,"column":2},"end":{"line":40,"column":null}},"9":{"start":{"line":44,"column":2},"end":{"line":44,"column":null}},"10":{"start":{"line":48,"column":2},"end":{"line":48,"column":null}}},"fnMap":{"0":{"name":"sendFriendRequest","decl":{"start":{"line":13,"column":22},"end":{"line":13,"column":40}},"loc":{"start":{"line":13,"column":56},"end":{"line":16,"column":null}}},"1":{"name":"getIncomingRequests","decl":{"start":{"line":18,"column":22},"end":{"line":18,"column":42}},"loc":{"start":{"line":18,"column":47},"end":{"line":20,"column":null}}},"2":{"name":"getOutgoingRequests","decl":{"start":{"line":22,"column":22},"end":{"line":22,"column":42}},"loc":{"start":{"line":22,"column":47},"end":{"line":24,"column":null}}},"3":{"name":"acceptFriendRequest","decl":{"start":{"line":26,"column":22},"end":{"line":26,"column":42}},"loc":{"start":{"line":26,"column":69},"end":{"line":29,"column":null}}},"4":{"name":"declineFriendRequest","decl":{"start":{"line":31,"column":22},"end":{"line":31,"column":43}},"loc":{"start":{"line":31,"column":54},"end":{"line":33,"column":null}}},"5":{"name":"cancelFriendRequest","decl":{"start":{"line":35,"column":22},"end":{"line":35,"column":42}},"loc":{"start":{"line":35,"column":53},"end":{"line":37,"column":null}}},"6":{"name":"removeFriend","decl":{"start":{"line":39,"column":22},"end":{"line":39,"column":35}},"loc":{"start":{"line":39,"column":51},"end":{"line":41,"column":null}}},"7":{"name":"blockUser","decl":{"start":{"line":43,"column":22},"end":{"line":43,"column":32}},"loc":{"start":{"line":43,"column":48},"end":{"line":45,"column":null}}},"8":{"name":"unblockUser","decl":{"start":{"line":47,"column":22},"end":{"line":47,"column":34}},"loc":{"start":{"line":47,"column":50},"end":{"line":49,"column":null}}}},"branchMap":{},"s":{"0":0,"1":0,"2":0,"3":0,"4":0,"5":0,"6":0,"7":0,"8":0,"9":0,"10":0},"f":{"0":0,"1":0,"2":0,"3":0,"4":0,"5":0,"6":0,"7":0,"8":0},"b":{}}
,"C:/Users/kiano/graverate/src/firebase/groups/groups.api.js": {"path":"C:/Users/kiano/graverate/src/firebase/groups/groups.api.js","statementMap":{"0":{"start":{"line":18,"column":13},"end":{"line":18,"column":null}},"1":{"start":{"line":18,"column":40},"end":{"line":18,"column":null}},"2":{"start":{"line":21,"column":13},"end":{"line":21,"column":null}},"3":{"start":{"line":21,"column":35},"end":{"line":21,"column":null}},"4":{"start":{"line":24,"column":13},"end":{"line":29,"column":null}},"5":{"start":{"line":25,"column":2},"end":{"line":29,"column":null}},"6":{"start":{"line":32,"column":13},"end":{"line":35,"column":null}},"7":{"start":{"line":33,"column":2},"end":{"line":35,"column":null}},"8":{"start":{"line":37,"column":13},"end":{"line":40,"column":null}},"9":{"start":{"line":38,"column":2},"end":{"line":40,"column":null}}},"fnMap":{"0":{"name":"(anonymous_0)","decl":{"start":{"line":18,"column":13},"end":{"line":18,"column":31}},"loc":{"start":{"line":18,"column":40},"end":{"line":18,"column":null}}},"1":{"name":"(anonymous_1)","decl":{"start":{"line":21,"column":13},"end":{"line":21,"column":28}},"loc":{"start":{"line":21,"column":35},"end":{"line":21,"column":null}}},"2":{"name":"(anonymous_2)","decl":{"start":{"line":24,"column":13},"end":{"line":24,"column":null}},"loc":{"start":{"line":25,"column":2},"end":{"line":29,"column":null}}},"3":{"name":"(anonymous_3)","decl":{"start":{"line":32,"column":13},"end":{"line":32,"column":26}},"loc":{"start":{"line":33,"column":2},"end":{"line":35,"column":null}}},"4":{"name":"(anonymous_4)","decl":{"start":{"line":37,"column":13},"end":{"line":37,"column":29}},"loc":{"start":{"line":38,"column":2},"end":{"line":40,"column":null}}}},"branchMap":{},"s":{"0":127,"1":0,"2":127,"3":0,"4":127,"5":48,"6":127,"7":0,"8":127,"9":0},"f":{"0":0,"1":0,"2":48,"3":0,"4":0},"b":{}}
,"C:/Users/kiano/graverate/src/firebase/groups/groups.service.js": {"path":"C:/Users/kiano/graverate/src/firebase/groups/groups.service.js","statementMap":{"0":{"start":{"line":13,"column":2},"end":{"line":20,"column":null}},"1":{"start":{"line":25,"column":15},"end":{"line":25,"column":null}},"2":{"start":{"line":26,"column":2},"end":{"line":26,"column":null}},"3":{"start":{"line":26,"column":22},"end":{"line":26,"column":null}},"4":{"start":{"line":27,"column":2},"end":{"line":27,"column":null}},"5":{"start":{"line":32,"column":15},"end":{"line":32,"column":null}},"6":{"start":{"line":33,"column":2},"end":{"line":33,"column":null}},"7":{"start":{"line":33,"column":31},"end":{"line":33,"column":57}},"8":{"start":{"line":37,"column":25},"end":{"line":37,"column":null}},"9":{"start":{"line":38,"column":26},"end":{"line":38,"column":null}}},"fnMap":{"0":{"name":"createGroup","decl":{"start":{"line":12,"column":22},"end":{"line":12,"column":34}},"loc":{"start":{"line":12,"column":73},"end":{"line":21,"column":null}}},"1":{"name":"getGroup","decl":{"start":{"line":24,"column":22},"end":{"line":24,"column":31}},"loc":{"start":{"line":24,"column":40},"end":{"line":28,"column":null}}},"2":{"name":"getAllGroups","decl":{"start":{"line":31,"column":22},"end":{"line":31,"column":37}},"loc":{"start":{"line":31,"column":37},"end":{"line":34,"column":null}}},"3":{"name":"(anonymous_3)","decl":{"start":{"line":33,"column":19},"end":{"line":33,"column":24}},"loc":{"start":{"line":33,"column":31},"end":{"line":33,"column":57}}}},"branchMap":{"0":{"loc":{"start":{"line":26,"column":2},"end":{"line":26,"column":null}},"type":"if","locations":[{"start":{"line":26,"column":2},"end":{"line":26,"column":null}}]}},"s":{"0":0,"1":0,"2":0,"3":0,"4":0,"5":48,"6":0,"7":0,"8":127,"9":127},"f":{"0":0,"1":0,"2":48,"3":0},"b":{"0":[0]}}
,"C:/Users/kiano/graverate/src/firebase/notifications/notifications.api.js": {"path":"C:/Users/kiano/graverate/src/firebase/notifications/notifications.api.js","statementMap":{"0":{"start":{"line":16,"column":2},"end":{"line":22,"column":null}},"1":{"start":{"line":26,"column":15},"end":{"line":32,"column":null}},"2":{"start":{"line":33,"column":2},"end":{"line":33,"column":null}},"3":{"start":{"line":33,"column":31},"end":{"line":33,"column":57}},"4":{"start":{"line":37,"column":2},"end":{"line":37,"column":null}},"5":{"start":{"line":41,"column":15},"end":{"line":47,"column":null}},"6":{"start":{"line":48,"column":16},"end":{"line":48,"column":null}},"7":{"start":{"line":49,"column":2},"end":{"line":49,"column":null}},"8":{"start":{"line":49,"column":27},"end":{"line":49,"column":62}},"9":{"start":{"line":50,"column":2},"end":{"line":50,"column":null}}},"fnMap":{"0":{"name":"addNotificationDoc","decl":{"start":{"line":15,"column":22},"end":{"line":15,"column":41}},"loc":{"start":{"line":15,"column":58},"end":{"line":23,"column":null}}},"1":{"name":"getNotificationDocs","decl":{"start":{"line":25,"column":22},"end":{"line":25,"column":42}},"loc":{"start":{"line":25,"column":47},"end":{"line":34,"column":null}}},"2":{"name":"(anonymous_2)","decl":{"start":{"line":33,"column":19},"end":{"line":33,"column":24}},"loc":{"start":{"line":33,"column":31},"end":{"line":33,"column":57}}},"3":{"name":"markReadDoc","decl":{"start":{"line":36,"column":22},"end":{"line":36,"column":34}},"loc":{"start":{"line":36,"column":50},"end":{"line":38,"column":null}}},"4":{"name":"markAllReadDoc","decl":{"start":{"line":40,"column":22},"end":{"line":40,"column":37}},"loc":{"start":{"line":40,"column":42},"end":{"line":51,"column":null}}},"5":{"name":"(anonymous_5)","decl":{"start":{"line":49,"column":12},"end":{"line":49,"column":21}},"loc":{"start":{"line":49,"column":27},"end":{"line":49,"column":62}}}},"branchMap":{},"s":{"0":0,"1":0,"2":0,"3":0,"4":0,"5":0,"6":0,"7":0,"8":0,"9":0},"f":{"0":0,"1":0,"2":0,"3":0,"4":0,"5":0},"b":{}}
,"C:/Users/kiano/graverate/src/firebase/notifications/notifications.service.js": {"path":"C:/Users/kiano/graverate/src/firebase/notifications/notifications.service.js","statementMap":{"0":{"start":{"line":9,"column":2},"end":{"line":9,"column":null}},"1":{"start":{"line":13,"column":2},"end":{"line":13,"column":null}},"2":{"start":{"line":17,"column":2},"end":{"line":17,"column":null}},"3":{"start":{"line":21,"column":2},"end":{"line":21,"column":null}}},"fnMap":{"0":{"name":"createNotification","decl":{"start":{"line":8,"column":22},"end":{"line":8,"column":41}},"loc":{"start":{"line":8,"column":63},"end":{"line":10,"column":null}}},"1":{"name":"getNotifications","decl":{"start":{"line":12,"column":22},"end":{"line":12,"column":39}},"loc":{"start":{"line":12,"column":44},"end":{"line":14,"column":null}}},"2":{"name":"markNotificationRead","decl":{"start":{"line":16,"column":22},"end":{"line":16,"column":43}},"loc":{"start":{"line":16,"column":59},"end":{"line":18,"column":null}}},"3":{"name":"markAllNotificationsRead","decl":{"start":{"line":20,"column":22},"end":{"line":20,"column":47}},"loc":{"start":{"line":20,"column":52},"end":{"line":22,"column":null}}}},"branchMap":{"0":{"loc":{"start":{"line":8,"column":52},"end":{"line":8,"column":63}},"type":"default-arg","locations":[{"start":{"line":8,"column":59},"end":{"line":8,"column":63}}]}},"s":{"0":0,"1":0,"2":0,"3":0},"f":{"0":0,"1":0,"2":0,"3":0},"b":{"0":[0]}}
,"C:/Users/kiano/graverate/src/firebase/posts/posts.service.js": {"path":"C:/Users/kiano/graverate/src/firebase/posts/posts.service.js","statementMap":{"0":{"start":{"line":8,"column":2},"end":{"line":8,"column":null}},"1":{"start":{"line":8,"column":16},"end":{"line":8,"column":null}},"2":{"start":{"line":9,"column":15},"end":{"line":9,"column":null}},"3":{"start":{"line":10,"column":2},"end":{"line":10,"column":null}},"4":{"start":{"line":10,"column":20},"end":{"line":10,"column":null}},"5":{"start":{"line":11,"column":2},"end":{"line":11,"column":null}},"6":{"start":{"line":11,"column":31},"end":{"line":11,"column":38}},"7":{"start":{"line":15,"column":15},"end":{"line":15,"column":null}},"8":{"start":{"line":17,"column":14},"end":{"line":20,"column":null}},"9":{"start":{"line":17,"column":36},"end":{"line":20,"column":4}},"10":{"start":{"line":22,"column":2},"end":{"line":24,"column":null}},"11":{"start":{"line":23,"column":4},"end":{"line":23,"column":null}},"12":{"start":{"line":23,"column":19},"end":{"line":23,"column":72}},"13":{"start":{"line":26,"column":2},"end":{"line":28,"column":null}},"14":{"start":{"line":27,"column":4},"end":{"line":27,"column":null}},"15":{"start":{"line":27,"column":25},"end":{"line":27,"column":56}},"16":{"start":{"line":30,"column":2},"end":{"line":30,"column":null}},"17":{"start":{"line":33,"column":12},"end":{"line":37,"column":null}},"18":{"start":{"line":39,"column":15},"end":{"line":39,"column":null}},"19":{"start":{"line":41,"column":2},"end":{"line":44,"column":null}},"20":{"start":{"line":41,"column":31},"end":{"line":44,"column":4}}},"fnMap":{"0":{"name":"avg","decl":{"start":{"line":7,"column":9},"end":{"line":7,"column":13}},"loc":{"start":{"line":7,"column":22},"end":{"line":12,"column":null}}},"1":{"name":"(anonymous_1)","decl":{"start":{"line":11,"column":14},"end":{"line":11,"column":22}},"loc":{"start":{"line":11,"column":31},"end":{"line":11,"column":38}}},"2":{"name":"getPostsFiltered","decl":{"start":{"line":14,"column":22},"end":{"line":14,"column":39}},"loc":{"start":{"line":14,"column":58},"end":{"line":31,"column":null}}},"3":{"name":"(anonymous_3)","decl":{"start":{"line":17,"column":24},"end":{"line":17,"column":29}},"loc":{"start":{"line":17,"column":36},"end":{"line":20,"column":4}}},"4":{"name":"(anonymous_4)","decl":{"start":{"line":23,"column":10},"end":{"line":23,"column":16}},"loc":{"start":{"line":23,"column":19},"end":{"line":23,"column":72}}},"5":{"name":"(anonymous_5)","decl":{"start":{"line":27,"column":10},"end":{"line":27,"column":16}},"loc":{"start":{"line":27,"column":25},"end":{"line":27,"column":56}}},"6":{"name":"getGroupPosts","decl":{"start":{"line":32,"column":22},"end":{"line":32,"column":36}},"loc":{"start":{"line":32,"column":45},"end":{"line":45,"column":null}}},"7":{"name":"(anonymous_7)","decl":{"start":{"line":41,"column":19},"end":{"line":41,"column":24}},"loc":{"start":{"line":41,"column":31},"end":{"line":44,"column":4}}}},"branchMap":{"0":{"loc":{"start":{"line":8,"column":2},"end":{"line":8,"column":null}},"type":"if","locations":[{"start":{"line":8,"column":2},"end":{"line":8,"column":null}}]},"1":{"loc":{"start":{"line":10,"column":2},"end":{"line":10,"column":null}},"type":"if","locations":[{"start":{"line":10,"column":2},"end":{"line":10,"column":null}}]},"2":{"loc":{"start":{"line":14,"column":39},"end":{"line":14,"column":58}},"type":"default-arg","locations":[{"start":{"line":14,"column":48},"end":{"line":14,"column":58}}]},"3":{"loc":{"start":{"line":22,"column":2},"end":{"line":24,"column":null}},"type":"if","locations":[{"start":{"line":22,"column":2},"end":{"line":24,"column":null}}]},"4":{"loc":{"start":{"line":23,"column":26},"end":{"line":23,"column":51}},"type":"binary-expr","locations":[{"start":{"line":23,"column":26},"end":{"line":23,"column":45}},{"start":{"line":23,"column":45},"end":{"line":23,"column":51}}]},"5":{"loc":{"start":{"line":23,"column":51},"end":{"line":23,"column":72}},"type":"binary-expr","locations":[{"start":{"line":23,"column":51},"end":{"line":23,"column":70}},{"start":{"line":23,"column":70},"end":{"line":23,"column":72}}]},"6":{"loc":{"start":{"line":26,"column":2},"end":{"line":28,"column":null}},"type":"if","locations":[{"start":{"line":26,"column":2},"end":{"line":28,"column":null}}]}},"s":{"0":0,"1":0,"2":0,"3":0,"4":0,"5":0,"6":0,"7":0,"8":0,"9":0,"10":0,"11":0,"12":0,"13":0,"14":0,"15":0,"16":0,"17":0,"18":0,"19":0,"20":0},"f":{"0":0,"1":0,"2":0,"3":0,"4":0,"5":0,"6":0,"7":0},"b":{"0":[0],"1":[0],"2":[0],"3":[0],"4":[0,0],"5":[0,0],"6":[0]}}
,"C:/Users/kiano/graverate/src/firebase/reports/reports.api.js": {"path":"C:/Users/kiano/graverate/src/firebase/reports/reports.api.js","statementMap":{"0":{"start":{"line":5,"column":2},"end":{"line":12,"column":null}}},"fnMap":{"0":{"name":"addReportDoc","decl":{"start":{"line":4,"column":22},"end":{"line":4,"column":35}},"loc":{"start":{"line":4,"column":77},"end":{"line":13,"column":null}}}},"branchMap":{},"s":{"0":0},"f":{"0":0},"b":{}}
,"C:/Users/kiano/graverate/src/firebase/reports/reports.service.js": {"path":"C:/Users/kiano/graverate/src/firebase/reports/reports.service.js","statementMap":{"0":{"start":{"line":9,"column":2},"end":{"line":9,"column":null}}},"fnMap":{"0":{"name":"reportUser","decl":{"start":{"line":3,"column":22},"end":{"line":3,"column":null}},"loc":{"start":{"line":8,"column":2},"end":{"line":10,"column":null}}}},"branchMap":{"0":{"loc":{"start":{"line":7,"column":2},"end":{"line":7,"column":null}},"type":"default-arg","locations":[{"start":{"line":7,"column":12},"end":{"line":7,"column":null}}]}},"s":{"0":0},"f":{"0":0},"b":{"0":[0]}}
,"C:/Users/kiano/graverate/src/firebase/search/search.api.js": {"path":"C:/Users/kiano/graverate/src/firebase/search/search.api.js","statementMap":{"0":{"start":{"line":6,"column":2},"end":{"line":6,"column":null}},"1":{"start":{"line":11,"column":2},"end":{"line":13,"column":null}},"2":{"start":{"line":18,"column":2},"end":{"line":18,"column":null}},"3":{"start":{"line":23,"column":2},"end":{"line":23,"column":null}}},"fnMap":{"0":{"name":"fetchUsers","decl":{"start":{"line":5,"column":22},"end":{"line":5,"column":35}},"loc":{"start":{"line":5,"column":35},"end":{"line":7,"column":null}}},"1":{"name":"fetchGroups","decl":{"start":{"line":10,"column":22},"end":{"line":10,"column":36}},"loc":{"start":{"line":10,"column":36},"end":{"line":14,"column":null}}},"2":{"name":"fetchPosts","decl":{"start":{"line":17,"column":22},"end":{"line":17,"column":35}},"loc":{"start":{"line":17,"column":35},"end":{"line":19,"column":null}}},"3":{"name":"fetchCemeteries","decl":{"start":{"line":22,"column":22},"end":{"line":22,"column":40}},"loc":{"start":{"line":22,"column":40},"end":{"line":24,"column":null}}}},"branchMap":{},"s":{"0":5,"1":5,"2":5,"3":5},"f":{"0":5,"1":5,"2":5,"3":5},"b":{}}
,"C:/Users/kiano/graverate/src/firebase/search/search.service.js": {"path":"C:/Users/kiano/graverate/src/firebase/search/search.service.js","statementMap":{"0":{"start":{"line":8,"column":6},"end":{"line":8,"column":null}},"1":{"start":{"line":8,"column":19},"end":{"line":8,"column":null}},"2":{"start":{"line":11,"column":15},"end":{"line":11,"column":null}},"3":{"start":{"line":13,"column":2},"end":{"line":18,"column":null}},"4":{"start":{"line":14,"column":17},"end":{"line":14,"column":43}},"5":{"start":{"line":17,"column":8},"end":{"line":17,"column":null}},"6":{"start":{"line":22,"column":15},"end":{"line":22,"column":null}},"7":{"start":{"line":24,"column":2},"end":{"line":30,"column":null}},"8":{"start":{"line":25,"column":17},"end":{"line":25,"column":43}},"9":{"start":{"line":28,"column":8},"end":{"line":29,"column":null}},"10":{"start":{"line":34,"column":15},"end":{"line":34,"column":null}},"11":{"start":{"line":36,"column":2},"end":{"line":38,"column":null}},"12":{"start":{"line":37,"column":17},"end":{"line":37,"column":43}},"13":{"start":{"line":38,"column":19},"end":{"line":38,"column":58}},"14":{"start":{"line":42,"column":15},"end":{"line":42,"column":null}},"15":{"start":{"line":44,"column":2},"end":{"line":51,"column":null}},"16":{"start":{"line":45,"column":17},"end":{"line":45,"column":43}},"17":{"start":{"line":48,"column":8},"end":{"line":50,"column":null}},"18":{"start":{"line":55,"column":15},"end":{"line":55,"column":null}},"19":{"start":{"line":57,"column":20},"end":{"line":72,"column":null}},"20":{"start":{"line":60,"column":21},"end":{"line":60,"column":null}},"21":{"start":{"line":62,"column":8},"end":{"line":69,"column":null}},"22":{"start":{"line":74,"column":2},"end":{"line":78,"column":null}},"23":{"start":{"line":76,"column":6},"end":{"line":77,"column":null}}},"fnMap":{"0":{"name":"(anonymous_0)","decl":{"start":{"line":8,"column":6},"end":{"line":8,"column":19}},"loc":{"start":{"line":8,"column":19},"end":{"line":8,"column":null}}},"1":{"name":"searchUsers","decl":{"start":{"line":10,"column":22},"end":{"line":10,"column":34}},"loc":{"start":{"line":10,"column":40},"end":{"line":19,"column":null}}},"2":{"name":"(anonymous_2)","decl":{"start":{"line":14,"column":5},"end":{"line":14,"column":10}},"loc":{"start":{"line":14,"column":17},"end":{"line":14,"column":43}}},"3":{"name":"(anonymous_3)","decl":{"start":{"line":15,"column":5},"end":{"line":15,"column":null}},"loc":{"start":{"line":17,"column":8},"end":{"line":17,"column":null}}},"4":{"name":"searchGroups","decl":{"start":{"line":21,"column":22},"end":{"line":21,"column":35}},"loc":{"start":{"line":21,"column":41},"end":{"line":31,"column":null}}},"5":{"name":"(anonymous_5)","decl":{"start":{"line":25,"column":5},"end":{"line":25,"column":10}},"loc":{"start":{"line":25,"column":17},"end":{"line":25,"column":43}}},"6":{"name":"(anonymous_6)","decl":{"start":{"line":26,"column":5},"end":{"line":26,"column":null}},"loc":{"start":{"line":28,"column":8},"end":{"line":29,"column":null}}},"7":{"name":"searchPosts","decl":{"start":{"line":33,"column":22},"end":{"line":33,"column":34}},"loc":{"start":{"line":33,"column":40},"end":{"line":39,"column":null}}},"8":{"name":"(anonymous_8)","decl":{"start":{"line":37,"column":5},"end":{"line":37,"column":10}},"loc":{"start":{"line":37,"column":17},"end":{"line":37,"column":43}}},"9":{"name":"(anonymous_9)","decl":{"start":{"line":38,"column":5},"end":{"line":38,"column":13}},"loc":{"start":{"line":38,"column":19},"end":{"line":38,"column":58}}},"10":{"name":"searchCemeteries","decl":{"start":{"line":41,"column":22},"end":{"line":41,"column":39}},"loc":{"start":{"line":41,"column":45},"end":{"line":52,"column":null}}},"11":{"name":"(anonymous_11)","decl":{"start":{"line":45,"column":5},"end":{"line":45,"column":10}},"loc":{"start":{"line":45,"column":17},"end":{"line":45,"column":43}}},"12":{"name":"(anonymous_12)","decl":{"start":{"line":46,"column":5},"end":{"line":46,"column":null}},"loc":{"start":{"line":48,"column":8},"end":{"line":50,"column":null}}},"13":{"name":"searchLocations","decl":{"start":{"line":54,"column":22},"end":{"line":54,"column":38}},"loc":{"start":{"line":54,"column":44},"end":{"line":79,"column":null}}},"14":{"name":"(anonymous_14)","decl":{"start":{"line":59,"column":16},"end":{"line":59,"column":21}},"loc":{"start":{"line":59,"column":27},"end":{"line":70,"column":7}}},"15":{"name":"(anonymous_15)","decl":{"start":{"line":74,"column":19},"end":{"line":74,"column":null}},"loc":{"start":{"line":76,"column":6},"end":{"line":77,"column":null}}}},"branchMap":{"0":{"loc":{"start":{"line":8,"column":26},"end":{"line":8,"column":35}},"type":"binary-expr","locations":[{"start":{"line":8,"column":26},"end":{"line":8,"column":31}},{"start":{"line":8,"column":31},"end":{"line":8,"column":35}}]},"1":{"loc":{"start":{"line":17,"column":8},"end":{"line":17,"column":null}},"type":"binary-expr","locations":[{"start":{"line":17,"column":8},"end":{"line":17,"column":48}},{"start":{"line":17,"column":48},"end":{"line":17,"column":null}}]},"2":{"loc":{"start":{"line":28,"column":8},"end":{"line":29,"column":null}},"type":"binary-expr","locations":[{"start":{"line":28,"column":8},"end":{"line":28,"column":null}},{"start":{"line":29,"column":8},"end":{"line":29,"column":null}}]},"3":{"loc":{"start":{"line":48,"column":8},"end":{"line":50,"column":null}},"type":"binary-expr","locations":[{"start":{"line":48,"column":8},"end":{"line":48,"column":null}},{"start":{"line":49,"column":8},"end":{"line":49,"column":null}},{"start":{"line":50,"column":8},"end":{"line":50,"column":null}}]},"4":{"loc":{"start":{"line":76,"column":6},"end":{"line":77,"column":null}},"type":"binary-expr","locations":[{"start":{"line":76,"column":6},"end":{"line":76,"column":null}},{"start":{"line":77,"column":6},"end":{"line":77,"column":null}}]}},"s":{"0":127,"1":0,"2":5,"3":0,"4":0,"5":0,"6":5,"7":0,"8":0,"9":0,"10":5,"11":0,"12":0,"13":0,"14":5,"15":0,"16":0,"17":0,"18":0,"19":0,"20":0,"21":0,"22":0,"23":0},"f":{"0":0,"1":5,"2":0,"3":0,"4":5,"5":0,"6":0,"7":5,"8":0,"9":0,"10":5,"11":0,"12":0,"13":0,"14":0,"15":0},"b":{"0":[0,0],"1":[0,0],"2":[0,0],"3":[0,0,0],"4":[0,0]}}
,"C:/Users/kiano/graverate/src/utils/searchUtils.js": {"path":"C:/Users/kiano/graverate/src/utils/searchUtils.js","statementMap":{"0":{"start":{"line":2,"column":2},"end":{"line":2,"column":null}},"1":{"start":{"line":2,"column":16},"end":{"line":2,"column":null}},"2":{"start":{"line":4,"column":17},"end":{"line":4,"column":null}},"3":{"start":{"line":5,"column":2},"end":{"line":5,"column":null}},"4":{"start":{"line":5,"column":22},"end":{"line":5,"column":null}},"5":{"start":{"line":7,"column":2},"end":{"line":7,"column":null}},"6":{"start":{"line":7,"column":33},"end":{"line":7,"column":40}},"7":{"start":{"line":11,"column":15},"end":{"line":11,"column":null}},"8":{"start":{"line":13,"column":2},"end":{"line":15,"column":null}},"9":{"start":{"line":14,"column":4},"end":{"line":14,"column":null}},"10":{"start":{"line":14,"column":25},"end":{"line":14,"column":78}},"11":{"start":{"line":17,"column":2},"end":{"line":21,"column":null}},"12":{"start":{"line":18,"column":4},"end":{"line":20,"column":null}},"13":{"start":{"line":19,"column":16},"end":{"line":19,"column":null}},"14":{"start":{"line":23,"column":2},"end":{"line":23,"column":null}},"15":{"start":{"line":27,"column":15},"end":{"line":27,"column":null}},"16":{"start":{"line":29,"column":2},"end":{"line":34,"column":null}},"17":{"start":{"line":30,"column":4},"end":{"line":33,"column":null}},"18":{"start":{"line":32,"column":8},"end":{"line":32,"column":null}},"19":{"start":{"line":36,"column":2},"end":{"line":36,"column":null}},"20":{"start":{"line":40,"column":2},"end":{"line":40,"column":null}}},"fnMap":{"0":{"name":"averageRating","decl":{"start":{"line":1,"column":16},"end":{"line":1,"column":30}},"loc":{"start":{"line":1,"column":39},"end":{"line":8,"column":null}}},"1":{"name":"(anonymous_1)","decl":{"start":{"line":7,"column":16},"end":{"line":7,"column":24}},"loc":{"start":{"line":7,"column":33},"end":{"line":7,"column":40}}},"2":{"name":"sortPosts","decl":{"start":{"line":10,"column":16},"end":{"line":10,"column":26}},"loc":{"start":{"line":10,"column":41},"end":{"line":24,"column":null}}},"3":{"name":"(anonymous_3)","decl":{"start":{"line":14,"column":16},"end":{"line":14,"column":22}},"loc":{"start":{"line":14,"column":25},"end":{"line":14,"column":78}}},"4":{"name":"(anonymous_4)","decl":{"start":{"line":18,"column":16},"end":{"line":18,"column":null}},"loc":{"start":{"line":19,"column":16},"end":{"line":19,"column":null}}},"5":{"name":"sortCemeteries","decl":{"start":{"line":26,"column":16},"end":{"line":26,"column":31}},"loc":{"start":{"line":26,"column":51},"end":{"line":37,"column":null}}},"6":{"name":"(anonymous_6)","decl":{"start":{"line":30,"column":16},"end":{"line":30,"column":null}},"loc":{"start":{"line":32,"column":8},"end":{"line":32,"column":null}}},"7":{"name":"sortLocations","decl":{"start":{"line":39,"column":16},"end":{"line":39,"column":30}},"loc":{"start":{"line":39,"column":41},"end":{"line":41,"column":null}}}},"branchMap":{"0":{"loc":{"start":{"line":2,"column":2},"end":{"line":2,"column":null}},"type":"if","locations":[{"start":{"line":2,"column":2},"end":{"line":2,"column":null}}]},"1":{"loc":{"start":{"line":5,"column":2},"end":{"line":5,"column":null}},"type":"if","locations":[{"start":{"line":5,"column":2},"end":{"line":5,"column":null}}]},"2":{"loc":{"start":{"line":13,"column":2},"end":{"line":15,"column":null}},"type":"if","locations":[{"start":{"line":13,"column":2},"end":{"line":15,"column":null}}]},"3":{"loc":{"start":{"line":14,"column":32},"end":{"line":14,"column":57}},"type":"binary-expr","locations":[{"start":{"line":14,"column":32},"end":{"line":14,"column":51}},{"start":{"line":14,"column":51},"end":{"line":14,"column":57}}]},"4":{"loc":{"start":{"line":14,"column":57},"end":{"line":14,"column":78}},"type":"binary-expr","locations":[{"start":{"line":14,"column":57},"end":{"line":14,"column":76}},{"start":{"line":14,"column":76},"end":{"line":14,"column":78}}]},"5":{"loc":{"start":{"line":17,"column":2},"end":{"line":21,"column":null}},"type":"if","locations":[{"start":{"line":17,"column":2},"end":{"line":21,"column":null}}]},"6":{"loc":{"start":{"line":29,"column":2},"end":{"line":34,"column":null}},"type":"if","locations":[{"start":{"line":29,"column":2},"end":{"line":34,"column":null}}]}},"s":{"0":0,"1":0,"2":0,"3":0,"4":0,"5":0,"6":0,"7":0,"8":0,"9":0,"10":0,"11":0,"12":0,"13":0,"14":0,"15":0,"16":0,"17":0,"18":0,"19":0,"20":0},"f":{"0":0,"1":0,"2":0,"3":0,"4":0,"5":0,"6":0,"7":0},"b":{"0":[0],"1":[0],"2":[0],"3":[0,0],"4":[0,0],"5":[0],"6":[0]}}
}
