{"total": {"lines":{"total":134,"covered":28,"skipped":0,"pct":20.89},"statements":{"total":154,"covered":28,"skipped":0,"pct":18.18},"functions":{"total":80,"covered":13,"skipped":0,"pct":16.25},"branches":{"total":33,"covered":0,"skipped":0,"pct":0},"branchesTrue":{"total":0,"covered":0,"skipped":0,"pct":100}}
,"C:/Users/kiano/graverate/src/firebase/auth.js": {"lines":{"total":15,"covered":5,"skipped":0,"pct":33.33},"functions":{"total":4,"covered":3,"skipped":0,"pct":75},"statements":{"total":15,"covered":5,"skipped":0,"pct":33.33},"branches":{"total":1,"covered":0,"skipped":0,"pct":0}}
,"C:/Users/kiano/graverate/src/firebase/config.js": {"lines":{"total":5,"covered":5,"skipped":0,"pct":100},"functions":{"total":0,"covered":0,"skipped":0,"pct":100},"statements":{"total":5,"covered":5,"skipped":0,"pct":100},"branches":{"total":0,"covered":0,"skipped":0,"pct":100}}
,"C:/Users/kiano/graverate/src/firebase/friends/friends.api.js": {"lines":{"total":15,"covered":0,"skipped":0,"pct":0},"functions":{"total":10,"covered":0,"skipped":0,"pct":0},"statements":{"total":17,"covered":0,"skipped":0,"pct":0},"branches":{"total":0,"covered":0,"skipped":0,"pct":100}}
,"C:/Users/kiano/graverate/src/firebase/friends/friends.service.js": {"lines":{"total":11,"covered":0,"skipped":0,"pct":0},"functions":{"total":9,"covered":0,"skipped":0,"pct":0},"statements":{"total":11,"covered":0,"skipped":0,"pct":0},"branches":{"total":0,"covered":0,"skipped":0,"pct":100}}
,"C:/Users/kiano/graverate/src/firebase/groups/groups.api.js": {"lines":{"total":8,"covered":6,"skipped":0,"pct":75},"functions":{"total":5,"covered":1,"skipped":0,"pct":20},"statements":{"total":10,"covered":6,"skipped":0,"pct":60},"branches":{"total":0,"covered":0,"skipped":0,"pct":100}}
,"C:/Users/kiano/graverate/src/firebase/groups/groups.service.js": {"lines":{"total":8,"covered":3,"skipped":0,"pct":37.5},"functions":{"total":4,"covered":1,"skipped":0,"pct":25},"statements":{"total":10,"covered":3,"skipped":0,"pct":30},"branches":{"total":1,"covered":0,"skipped":0,"pct":0}}
,"C:/Users/kiano/graverate/src/firebase/notifications/notifications.api.js": {"lines":{"total":8,"covered":0,"skipped":0,"pct":0},"functions":{"total":6,"covered":0,"skipped":0,"pct":0},"statements":{"total":10,"covered":0,"skipped":0,"pct":0},"branches":{"total":0,"covered":0,"skipped":0,"pct":100}}
,"C:/Users/kiano/graverate/src/firebase/notifications/notifications.service.js": {"lines":{"total":4,"covered":0,"skipped":0,"pct":0},"functions":{"total":4,"covered":0,"skipped":0,"pct":0},"statements":{"total":4,"covered":0,"skipped":0,"pct":0},"branches":{"total":1,"covered":0,"skipped":0,"pct":0}}
,"C:/Users/kiano/graverate/src/firebase/posts/posts.service.js": {"lines":{"total":14,"covered":0,"skipped":0,"pct":0},"functions":{"total":8,"covered":0,"skipped":0,"pct":0},"statements":{"total":21,"covered":0,"skipped":0,"pct":0},"branches":{"total":9,"covered":0,"skipped":0,"pct":0}}
,"C:/Users/kiano/graverate/src/firebase/reports/reports.api.js": {"lines":{"total":1,"covered":0,"skipped":0,"pct":0},"functions":{"total":1,"covered":0,"skipped":0,"pct":0},"statements":{"total":1,"covered":0,"skipped":0,"pct":0},"branches":{"total":0,"covered":0,"skipped":0,"pct":100}}
,"C:/Users/kiano/graverate/src/firebase/reports/reports.service.js": {"lines":{"total":1,"covered":0,"skipped":0,"pct":0},"functions":{"total":1,"covered":0,"skipped":0,"pct":0},"statements":{"total":1,"covered":0,"skipped":0,"pct":0},"branches":{"total":1,"covered":0,"skipped":0,"pct":0}}
,"C:/Users/kiano/graverate/src/firebase/search/search.api.js": {"lines":{"total":4,"covered":4,"skipped":0,"pct":100},"functions":{"total":4,"covered":4,"skipped":0,"pct":100},"statements":{"total":4,"covered":4,"skipped":0,"pct":100},"branches":{"total":0,"covered":0,"skipped":0,"pct":100}}
,"C:/Users/kiano/graverate/src/firebase/search/search.service.js": {"lines":{"total":23,"covered":5,"skipped":0,"pct":21.73},"functions":{"total":16,"covered":4,"skipped":0,"pct":25},"statements":{"total":24,"covered":5,"skipped":0,"pct":20.83},"branches":{"total":11,"covered":0,"skipped":0,"pct":0}}
,"C:/Users/kiano/graverate/src/utils/searchUtils.js": {"lines":{"total":17,"covered":0,"skipped":0,"pct":0},"functions":{"total":8,"covered":0,"skipped":0,"pct":0},"statements":{"total":21,"covered":0,"skipped":0,"pct":0},"branches":{"total":9,"covered":0,"skipped":0,"pct":0}}
}
