TN:
SF:src\firebase\auth.js
FN:15,registerUser
FN:40,loginUser
FN:50,loginWithGoogle
FN:76,logoutUser
FNF:4
FNH:3
FNDA:2,registerUser
FNDA:46,loginUser
FNDA:0,loginWithGoogle
FNDA:4,logoutUser
DA:13,127
DA:16,2
DA:22,0
DA:24,0
DA:37,0
DA:41,46
DA:47,44
DA:51,0
DA:53,0
DA:55,0
DA:56,0
DA:58,0
DA:59,0
DA:73,0
DA:77,4
LF:15
LH:5
BRDA:58,0,0,0
BRF:1
BRH:0
end_of_record
TN:
SF:src\firebase\config.js
FNF:0
FNH:0
DA:6,127
DA:16,127
DA:18,127
DA:19,127
DA:20,127
LF:5
LH:5
BRF:0
BRH:0
end_of_record
TN:
SF:src\firebase\friends\friends.api.js
FN:17,sendFriendRequestDoc
FN:27,getIncomingRequestDocs
FN:35,(anonymous_2)
FN:39,getOutgoingRequestDocs
FN:47,(anonymous_4)
FN:51,acceptRequestDoc
FN:58,deleteRequestDoc
FN:63,removeFriendDoc
FN:69,blockUserDoc
FN:79,unblockUserDoc
FNF:10
FNH:0
FNDA:0,sendFriendRequestDoc
FNDA:0,getIncomingRequestDocs
FNDA:0,(anonymous_2)
FNDA:0,getOutgoingRequestDocs
FNDA:0,(anonymous_4)
FNDA:0,acceptRequestDoc
FNDA:0,deleteRequestDoc
FNDA:0,removeFriendDoc
FNDA:0,blockUserDoc
FNDA:0,unblockUserDoc
DA:18,0
DA:28,0
DA:35,0
DA:40,0
DA:47,0
DA:52,0
DA:53,0
DA:54,0
DA:59,0
DA:64,0
DA:65,0
DA:70,0
DA:74,0
DA:75,0
DA:80,0
LF:15
LH:0
BRF:0
BRH:0
end_of_record
TN:
SF:src\firebase\friends\friends.service.js
FN:13,sendFriendRequest
FN:18,getIncomingRequests
FN:22,getOutgoingRequests
FN:26,acceptFriendRequest
FN:31,declineFriendRequest
FN:35,cancelFriendRequest
FN:39,removeFriend
FN:43,blockUser
FN:47,unblockUser
FNF:9
FNH:0
FNDA:0,sendFriendRequest
FNDA:0,getIncomingRequests
FNDA:0,getOutgoingRequests
FNDA:0,acceptFriendRequest
FNDA:0,declineFriendRequest
FNDA:0,cancelFriendRequest
FNDA:0,removeFriend
FNDA:0,blockUser
FNDA:0,unblockUser
DA:14,0
DA:15,0
DA:19,0
DA:23,0
DA:27,0
DA:28,0
DA:32,0
DA:36,0
DA:40,0
DA:44,0
DA:48,0
LF:11
LH:0
BRF:0
BRH:0
end_of_record
TN:
SF:src\firebase\groups\groups.api.js
FN:18,(anonymous_0)
FN:21,(anonymous_1)
FN:24,(anonymous_2)
FN:32,(anonymous_3)
FN:37,(anonymous_4)
FNF:5
FNH:1
FNDA:0,(anonymous_0)
FNDA:0,(anonymous_1)
FNDA:48,(anonymous_2)
FNDA:0,(anonymous_3)
FNDA:0,(anonymous_4)
DA:18,127
DA:21,127
DA:24,127
DA:25,48
DA:32,127
DA:33,0
DA:37,127
DA:38,0
LF:8
LH:6
BRF:0
BRH:0
end_of_record
TN:
SF:src\firebase\groups\groups.service.js
FN:12,createGroup
FN:24,getGroup
FN:31,getAllGroups
FN:33,(anonymous_3)
FNF:4
FNH:1
FNDA:0,createGroup
FNDA:0,getGroup
FNDA:48,getAllGroups
FNDA:0,(anonymous_3)
DA:13,0
DA:25,0
DA:26,0
DA:27,0
DA:32,48
DA:33,0
DA:37,127
DA:38,127
LF:8
LH:3
BRDA:26,0,0,0
BRF:1
BRH:0
end_of_record
TN:
SF:src\firebase\notifications\notifications.api.js
FN:15,addNotificationDoc
FN:25,getNotificationDocs
FN:33,(anonymous_2)
FN:36,markReadDoc
FN:40,markAllReadDoc
FN:49,(anonymous_5)
FNF:6
FNH:0
FNDA:0,addNotificationDoc
FNDA:0,getNotificationDocs
FNDA:0,(anonymous_2)
FNDA:0,markReadDoc
FNDA:0,markAllReadDoc
FNDA:0,(anonymous_5)
DA:16,0
DA:26,0
DA:33,0
DA:37,0
DA:41,0
DA:48,0
DA:49,0
DA:50,0
LF:8
LH:0
BRF:0
BRH:0
end_of_record
TN:
SF:src\firebase\notifications\notifications.service.js
FN:8,createNotification
FN:12,getNotifications
FN:16,markNotificationRead
FN:20,markAllNotificationsRead
FNF:4
FNH:0
FNDA:0,createNotification
FNDA:0,getNotifications
FNDA:0,markNotificationRead
FNDA:0,markAllNotificationsRead
DA:9,0
DA:13,0
DA:17,0
DA:21,0
LF:4
LH:0
BRDA:8,0,0,0
BRF:1
BRH:0
end_of_record
TN:
SF:src\firebase\posts\posts.service.js
FN:7,avg
FN:11,(anonymous_1)
FN:14,getPostsFiltered
FN:17,(anonymous_3)
FN:23,(anonymous_4)
FN:27,(anonymous_5)
FN:32,getGroupPosts
FN:41,(anonymous_7)
FNF:8
FNH:0
FNDA:0,avg
FNDA:0,(anonymous_1)
FNDA:0,getPostsFiltered
FNDA:0,(anonymous_3)
FNDA:0,(anonymous_4)
FNDA:0,(anonymous_5)
FNDA:0,getGroupPosts
FNDA:0,(anonymous_7)
DA:8,0
DA:9,0
DA:10,0
DA:11,0
DA:15,0
DA:17,0
DA:22,0
DA:23,0
DA:26,0
DA:27,0
DA:30,0
DA:33,0
DA:39,0
DA:41,0
LF:14
LH:0
BRDA:8,0,0,0
BRDA:10,1,0,0
BRDA:14,2,0,0
BRDA:22,3,0,0
BRDA:23,4,0,0
BRDA:23,4,1,0
BRDA:23,5,0,0
BRDA:23,5,1,0
BRDA:26,6,0,0
BRF:9
BRH:0
end_of_record
TN:
SF:src\firebase\reports\reports.api.js
FN:4,addReportDoc
FNF:1
FNH:0
FNDA:0,addReportDoc
DA:5,0
LF:1
LH:0
BRF:0
BRH:0
end_of_record
TN:
SF:src\firebase\reports\reports.service.js
FN:3,reportUser
FNF:1
FNH:0
FNDA:0,reportUser
DA:9,0
LF:1
LH:0
BRDA:7,0,0,0
BRF:1
BRH:0
end_of_record
TN:
SF:src\firebase\search\search.api.js
FN:5,fetchUsers
FN:10,fetchGroups
FN:17,fetchPosts
FN:22,fetchCemeteries
FNF:4
FNH:4
FNDA:5,fetchUsers
FNDA:5,fetchGroups
FNDA:5,fetchPosts
FNDA:5,fetchCemeteries
DA:6,5
DA:11,5
DA:18,5
DA:23,5
LF:4
LH:4
BRF:0
BRH:0
end_of_record
TN:
SF:src\firebase\search\search.service.js
FN:8,(anonymous_0)
FN:10,searchUsers
FN:14,(anonymous_2)
FN:15,(anonymous_3)
FN:21,searchGroups
FN:25,(anonymous_5)
FN:26,(anonymous_6)
FN:33,searchPosts
FN:37,(anonymous_8)
FN:38,(anonymous_9)
FN:41,searchCemeteries
FN:45,(anonymous_11)
FN:46,(anonymous_12)
FN:54,searchLocations
FN:59,(anonymous_14)
FN:74,(anonymous_15)
FNF:16
FNH:4
FNDA:0,(anonymous_0)
FNDA:5,searchUsers
FNDA:0,(anonymous_2)
FNDA:0,(anonymous_3)
FNDA:5,searchGroups
FNDA:0,(anonymous_5)
FNDA:0,(anonymous_6)
FNDA:5,searchPosts
FNDA:0,(anonymous_8)
FNDA:0,(anonymous_9)
FNDA:5,searchCemeteries
FNDA:0,(anonymous_11)
FNDA:0,(anonymous_12)
FNDA:0,searchLocations
FNDA:0,(anonymous_14)
FNDA:0,(anonymous_15)
DA:8,127
DA:11,5
DA:13,0
DA:14,0
DA:17,0
DA:22,5
DA:24,0
DA:25,0
DA:28,0
DA:34,5
DA:36,0
DA:37,0
DA:38,0
DA:42,5
DA:44,0
DA:45,0
DA:48,0
DA:55,0
DA:57,0
DA:60,0
DA:62,0
DA:74,0
DA:76,0
LF:23
LH:5
BRDA:8,0,0,0
BRDA:8,0,1,0
BRDA:17,1,0,0
BRDA:17,1,1,0
BRDA:28,2,0,0
BRDA:28,2,1,0
BRDA:48,3,0,0
BRDA:48,3,1,0
BRDA:48,3,2,0
BRDA:76,4,0,0
BRDA:76,4,1,0
BRF:11
BRH:0
end_of_record
TN:
SF:src\utils\searchUtils.js
FN:1,averageRating
FN:7,(anonymous_1)
FN:10,sortPosts
FN:14,(anonymous_3)
FN:18,(anonymous_4)
FN:26,sortCemeteries
FN:30,(anonymous_6)
FN:39,sortLocations
FNF:8
FNH:0
FNDA:0,averageRating
FNDA:0,(anonymous_1)
FNDA:0,sortPosts
FNDA:0,(anonymous_3)
FNDA:0,(anonymous_4)
FNDA:0,sortCemeteries
FNDA:0,(anonymous_6)
FNDA:0,sortLocations
DA:2,0
DA:4,0
DA:5,0
DA:7,0
DA:11,0
DA:13,0
DA:14,0
DA:17,0
DA:18,0
DA:19,0
DA:23,0
DA:27,0
DA:29,0
DA:30,0
DA:32,0
DA:36,0
DA:40,0
LF:17
LH:0
BRDA:2,0,0,0
BRDA:5,1,0,0
BRDA:13,2,0,0
BRDA:14,3,0,0
BRDA:14,3,1,0
BRDA:14,4,0,0
BRDA:14,4,1,0
BRDA:17,5,0,0
BRDA:29,6,0,0
BRF:9
BRH:0
end_of_record
